Arguments: 
  C:\Program Files\nodejs\node.exe C:\Program Files (x86)\Yarn\bin\yarn.js dev-server

PATH: 
  C:\Program Files\Git\mingw64\bin;C:\Program Files\Git\usr\bin;C:\Users\naman\bin;C:\Windows\system32;C:\Windows;C:\Windows\System32\Wbem;C:\Windows\System32\WindowsPowerShell\v1.0;C:\Windows\System32\OpenSSH;C:\Program Files\nodejs;C:\Program Files\dotnet;C:\Program Files\Git\cmd;C:\Program Files (x86)\Yarn\bin;C:\Users\naman\AppData\Local\Microsoft\WindowsApps;C:\Users\naman\AppData\Roaming\npm;C:\Users\naman\.dotnet\tools;C:\Users\naman\AppData\Local\Programs\Microsoft VS Code\bin;C:\Users\naman\AppData\Local\Yarn\bin

Yarn version: 
  1.22.5

Node version: 
  14.11.0

Platform: 
  win32 x64

Trace: 
  SyntaxError: D:\Project2\ServerSide\package.json: Unexpected token / in JSON at position 1229
      at JSON.parse (<anonymous>)
      at C:\Program Files (x86)\Yarn\lib\cli.js:1625:59
      at Generator.next (<anonymous>)
      at step (C:\Program Files (x86)\Yarn\lib\cli.js:310:30)
      at C:\Program Files (x86)\Yarn\lib\cli.js:321:13

npm manifest: 
  {
    "name": "serverside",
    "version": "1.0.0",
    "description": "",
    "main": "index.ts",
    "dependencies": {
      "@types/lodash": "^4.14.161",
      "body-parser": "^1.19.0",
      "cors": "^2.8.5",
      "express": "^4.17.1",
      "knex": "^0.21.6",
      "lodash": "^4.17.20",
      "objection": "^2.2.3",
      "pg": "^8.4.1"
    },
    "devDependencies": {
      "@babel/cli": "^7.11.6",
      "@babel/core": "^7.11.6",
      "@babel/node": "^7.10.5",
      "@babel/preset-env": "^7.11.5",
      "@types/node": "^14.11.8",
      "eslint": "^7.11.0",
      "eslint-plugin-import": "^2.22.1",
      "nodemon": "^2.0.4",
      "ts-node": "^9.0.0",
      "tslint": "^6.1.3",
      "typescript": "^4.0.3"
    },
    "scripts": {
      "test": "echo \"Error: no test specified\" && exit 1",
      "start": "node --inspect=5858 -r ts-node/register ./index.ts",
      "start:watch": "nodemon --exec babel-node",
      "dev-server": "cross-env MODE=dev-server nodemon",
      "dev": "cross-env IS_TS_NODE=true ts-node -r tsconfig-paths/register --project tsconfig.json index.ts",
      "build": "tsc"
    },
    "keywords": [],
    "author": "",
    "license": "ISC",
    "nodemonConfig": {
      "ignore": [
        "**/*.test.ts",
        "**/*.spec.ts",
        ".git",
        "node_modules"
      ],
      // "watch": [
      //   "app",
      //   "config",
      //   "routes",
      //   "libs"
      // ],
      "exec": "yarn dev",
      "ext": "ts, json"
    }
  }

yarn manifest: 
  No manifest

Lockfile: 
  No lockfile
